[2017-09-13 18:24:08] production.ERROR: Symfony\Component\Debug\Exception\FatalThrowableError: Parse error: syntax error, unexpected 'description' (T_STRING), expecting function (T_FUNCTION) in /var/www/public/modules/cms/Classes/CodeParser.php(290) : eval()'d code:4
Stack trace:
#0 /var/www/public/modules/cms/Classes/CodeParser.php(151): Cms\Classes\CodeParser->validate('<?php \nclass Cm...')
#1 /var/www/public/modules/cms/Classes/CodeParser.php(111): Cms\Classes\CodeParser->rebuild('/var/www/public...')
#2 /var/www/public/modules/cms/Classes/CodeParser.php(169): Cms\Classes\CodeParser->parse()
#3 /var/www/public/modules/cms/Classes/Controller.php(524): Cms\Classes\CodeParser->source(Object(Cms\Classes\Page), Object(Cms\Classes\Layout), Object(Cms\Classes\Controller))
#4 /var/www/public/modules/cms/Classes/Controller.php(302): Cms\Classes\Controller->initCustomObjects()
#5 /var/www/public/modules/cms/Classes/Controller.php(213): Cms\Classes\Controller->runPage(Object(Cms\Classes\Page))
#6 /var/www/public/modules/cms/Classes/CmsController.php(50): Cms\Classes\Controller->run('/')
#7 [internal function]: Cms\Classes\CmsController->run('/')
#8 /var/www/public/vendor/laravel/framework/src/Illuminate/Routing/Controller.php(256): call_user_func_array(Array, Array)
#9 /var/www/public/vendor/laravel/framework/src/Illuminate/Routing/ControllerDispatcher.php(164): Illuminate\Routing\Controller->callAction('run', Array)
#10 /var/www/public/vendor/laravel/framework/src/Illuminate/Routing/ControllerDispatcher.php(112): Illuminate\Routing\ControllerDispatcher->call(Object(Cms\Classes\CmsController), Object(Illuminate\Routing\Route), 'run')
#11 [internal function]: Illuminate\Routing\ControllerDispatcher->Illuminate\Routing\{closure}(Object(Illuminate\Http\Request))
#12 /var/www/public/vendor/laravel/framework/src/Illuminate/Pipeline/Pipeline.php(139): call_user_func(Object(Closure), Object(Illuminate\Http\Request))
#13 [internal function]: Illuminate\Pipeline\Pipeline->Illuminate\Pipeline\{closure}(Object(Illuminate\Http\Request))
#14 /var/www/public/vendor/laravel/framework/src/Illuminate/Pipeline/Pipeline.php(102): call_user_func(Object(Closure), Object(Illuminate\Http\Request))
#15 /var/www/public/vendor/laravel/framework/src/Illuminate/Routing/ControllerDispatcher.php(114): Illuminate\Pipeline\Pipeline->then(Object(Closure))
#16 /var/www/public/vendor/laravel/framework/src/Illuminate/Routing/ControllerDispatcher.php(68): Illuminate\Routing\ControllerDispatcher->callWithinStack(Object(Cms\Classes\CmsController), Object(Illuminate\Routing\Route), Object(Illuminate\Http\Request), 'run')
#17 /var/www/public/vendor/laravel/framework/src/Illuminate/Routing/Route.php(203): Illuminate\Routing\ControllerDispatcher->dispatch(Object(Illuminate\Routing\Route), Object(Illuminate\Http\Request), 'Cms\\Classes\\Cms...', 'run')
#18 /var/www/public/vendor/laravel/framework/src/Illuminate/Routing/Route.php(134): Illuminate\Routing\Route->runWithCustomDispatcher(Object(Illuminate\Http\Request))
#19 /var/www/public/vendor/laravel/framework/src/Illuminate/Routing/Router.php(708): Illuminate\Routing\Route->run(Object(Illuminate\Http\Request))
#20 [internal function]: Illuminate\Routing\Router->Illuminate\Routing\{closure}(Object(Illuminate\Http\Request))
#21 /var/www/public/vendor/laravel/framework/src/Illuminate/Pipeline/Pipeline.php(139): call_user_func(Object(Closure), Object(Illuminate\Http\Request))
#22 [internal function]: Illuminate\Pipeline\Pipeline->Illuminate\Pipeline\{closure}(Object(Illuminate\Http\Request))
#23 /var/www/public/vendor/laravel/framework/src/Illuminate/Pipeline/Pipeline.php(102): call_user_func(Object(Closure), Object(Illuminate\Http\Request))
#24 /var/www/public/vendor/laravel/framework/src/Illuminate/Routing/Router.php(710): Illuminate\Pipeline\Pipeline->then(Object(Closure))
#25 /var/www/public/vendor/laravel/framework/src/Illuminate/Routing/Router.php(674): Illuminate\Routing\Router->runRouteWithinStack(Object(Illuminate\Routing\Route), Object(Illuminate\Http\Request))
#26 /var/www/public/vendor/laravel/framework/src/Illuminate/Routing/Router.php(635): Illuminate\Routing\Router->dispatchToRoute(Object(Illuminate\Http\Request))
#27 /var/www/public/vendor/laravel/framework/src/Illuminate/Foundation/Http/Kernel.php(236): Illuminate\Routing\Router->dispatch(Object(Illuminate\Http\Request))
#28 [internal function]: Illuminate\Foundation\Http\Kernel->Illuminate\Foundation\Http\{closure}(Object(Illuminate\Http\Request))
#29 /var/www/public/vendor/laravel/framework/src/Illuminate/Pipeline/Pipeline.php(139): call_user_func(Object(Closure), Object(Illuminate\Http\Request))
#30 /var/www/public/vendor/laravel/framework/src/Illuminate/View/Middleware/ShareErrorsFromSession.php(49): Illuminate\Pipeline\Pipeline->Illuminate\Pipeline\{closure}(Object(Illuminate\Http\Request))
#31 [internal function]: Illuminate\View\Middleware\ShareErrorsFromSession->handle(Object(Illuminate\Http\Request), Object(Closure))
#32 /var/www/public/vendor/laravel/framework/src/Illuminate/Pipeline/Pipeline.php(124): call_user_func_array(Array, Array)
#33 /var/www/public/vendor/laravel/framework/src/Illuminate/Session/Middleware/StartSession.php(62): Illuminate\Pipeline\Pipeline->Illuminate\Pipeline\{closure}(Object(Illuminate\Http\Request))
#34 [internal function]: Illuminate\Session\Middleware\StartSession->handle(Object(Illuminate\Http\Request), Object(Closure))
#35 /var/www/public/vendor/laravel/framework/src/Illuminate/Pipeline/Pipeline.php(124): call_user_func_array(Array, Array)
#36 /var/www/public/vendor/laravel/framework/src/Illuminate/Cookie/Middleware/AddQueuedCookiesToResponse.php(37): Illuminate\Pipeline\Pipeline->Illuminate\Pipeline\{closure}(Object(Illuminate\Http\Request))
#37 [internal function]: Illuminate\Cookie\Middleware\AddQueuedCookiesToResponse->handle(Object(Illuminate\Http\Request), Object(Closure))
#38 /var/www/public/vendor/laravel/framework/src/Illuminate/Pipeline/Pipeline.php(124): call_user_func_array(Array, Array)
#39 /var/www/public/vendor/laravel/framework/src/Illuminate/Cookie/Middleware/EncryptCookies.php(59): Illuminate\Pipeline\Pipeline->Illuminate\Pipeline\{closure}(Object(Illuminate\Http\Request))
#40 [internal function]: Illuminate\Cookie\Middleware\EncryptCookies->handle(Object(Illuminate\Http\Request), Object(Closure))
#41 /var/www/public/vendor/laravel/framework/src/Illuminate/Pipeline/Pipeline.php(124): call_user_func_array(Array, Array)
#42 /var/www/public/vendor/laravel/framework/src/Illuminate/Foundation/Http/Middleware/CheckForMaintenanceMode.php(44): Illuminate\Pipeline\Pipeline->Illuminate\Pipeline\{closure}(Object(Illuminate\Http\Request))
#43 [internal function]: Illuminate\Foundation\Http\Middleware\CheckForMaintenanceMode->handle(Object(Illuminate\Http\Request), Object(Closure))
#44 /var/www/public/vendor/laravel/framework/src/Illuminate/Pipeline/Pipeline.php(124): call_user_func_array(Array, Array)
#45 [internal function]: Illuminate\Pipeline\Pipeline->Illuminate\Pipeline\{closure}(Object(Illuminate\Http\Request))
#46 /var/www/public/vendor/laravel/framework/src/Illuminate/Pipeline/Pipeline.php(102): call_user_func(Object(Closure), Object(Illuminate\Http\Request))
#47 /var/www/public/vendor/laravel/framework/src/Illuminate/Foundation/Http/Kernel.php(122): Illuminate\Pipeline\Pipeline->then(Object(Closure))
#48 /var/www/public/vendor/laravel/framework/src/Illuminate/Foundation/Http/Kernel.php(87): Illuminate\Foundation\Http\Kernel->sendRequestThroughRouter(Object(Illuminate\Http\Request))
#49 /var/www/public/index.php(43): Illuminate\Foundation\Http\Kernel->handle(Object(Illuminate\Http\Request))
#50 {main}  
